TN:
SF:src/modif06_04/revista.ts
FN:19,(anonymous_0)
FN:34,(anonymous_1)
FN:39,(anonymous_2)
FN:45,(anonymous_3)
FN:51,(anonymous_4)
FN:58,(anonymous_5)
FN:68,(anonymous_6)
FN:79,(anonymous_7)
FN:80,(anonymous_8)
FN:85,(anonymous_9)
FNF:10
FNH:5
FNDA:1,(anonymous_0)
FNDA:5,(anonymous_1)
FNDA:1,(anonymous_2)
FNDA:2,(anonymous_3)
FNDA:0,(anonymous_4)
FNDA:1,(anonymous_5)
FNDA:0,(anonymous_6)
FNDA:0,(anonymous_7)
FNDA:0,(anonymous_8)
FNDA:0,(anonymous_9)
DA:19,1
DA:25,1
DA:26,5
DA:28,5
DA:34,5
DA:40,1
DA:46,2
DA:52,0
DA:59,1
DA:60,0
DA:62,1
DA:69,0
DA:70,0
DA:71,0
DA:73,0
DA:80,0
DA:86,0
DA:87,0
LF:18
LH:9
BRDA:19,0,0,1
BRDA:19,0,1,1
BRDA:59,1,0,0
BRDA:59,1,1,1
BRDA:70,2,0,0
BRDA:70,2,1,0
BRF:6
BRH:3
end_of_record
TN:
SF:src/modif06_04/subscriptor.ts
FN:15,(anonymous_0)
FN:21,(anonymous_1)
FN:27,(anonymous_2)
FN:34,(anonymous_3)
FNF:4
FNH:3
FNDA:2,(anonymous_0)
FNDA:2,(anonymous_1)
FNDA:2,(anonymous_2)
FNDA:0,(anonymous_3)
DA:1,1
DA:4,1
DA:9,1
DA:15,2
DA:16,2
DA:22,2
DA:28,2
DA:35,0
DA:36,0
DA:38,0
DA:39,0
LF:11
LH:7
BRDA:35,0,0,0
BRDA:35,0,1,0
BRDA:36,1,0,0
BRF:3
BRH:0
end_of_record
