TN:
SF:src/modi30_03.ts
FN:9,(anonymous_0)
FN:13,(anonymous_1)
FN:22,(anonymous_2)
FN:38,(anonymous_3)
FN:40,(anonymous_4)
FN:48,(anonymous_5)
FN:55,(anonymous_6)
FN:62,(anonymous_7)
FNF:8
FNH:7
FNDA:1,(anonymous_0)
FNDA:3,(anonymous_1)
FNDA:5,(anonymous_2)
FNDA:2,(anonymous_3)
FNDA:2,(anonymous_4)
FNDA:2,(anonymous_5)
FNDA:2,(anonymous_6)
FNDA:0,(anonymous_7)
DA:4,1
DA:14,3
DA:15,1
DA:17,3
DA:23,5
DA:29,1
DA:39,2
DA:40,2
DA:41,2
DA:49,2
DA:56,2
DA:63,0
LF:12
LH:11
BRDA:14,0,0,1
BRDA:14,0,1,2
BRF:2
BRH:2
end_of_record
TN:
SF:src/ejercicio-1/combate.ts
FN:10,(anonymous_0)
FN:12,(anonymous_1)
FN:53,(anonymous_2)
FN:71,(anonymous_3)
FNF:4
FNH:4
FNDA:7,(anonymous_0)
FNDA:9,(anonymous_1)
FNDA:9,(anonymous_2)
FNDA:6,(anonymous_3)
DA:5,1
DA:10,7
DA:13,9
DA:15,9
DA:16,0
DA:18,9
DA:20,0
DA:21,0
DA:22,0
DA:23,0
DA:25,0
DA:27,0
DA:30,0
DA:31,0
DA:32,0
DA:33,0
DA:35,0
DA:37,0
DA:40,0
DA:41,0
DA:42,0
DA:43,0
DA:45,0
DA:47,0
DA:50,9
DA:54,9
DA:55,9
DA:56,9
DA:57,9
DA:58,9
DA:59,0
DA:60,0
DA:61,0
DA:62,0
DA:64,9
DA:65,9
DA:66,9
DA:72,6
DA:73,6
DA:76,6
DA:77,6
DA:78,6
DA:80,6
DA:81,9
DA:82,9
DA:83,9
DA:84,9
DA:85,9
DA:86,9
DA:88,9
DA:89,6
DA:90,6
DA:91,6
DA:92,6
DA:94,3
DA:95,3
DA:96,3
DA:97,3
DA:100,6
LF:59
LH:36
BRDA:15,0,0,0
BRDA:15,0,1,9
BRDA:18,1,0,0
BRDA:18,1,1,0
BRDA:18,1,2,0
BRDA:20,2,0,0
BRDA:20,2,1,0
BRDA:22,3,0,0
BRDA:22,3,1,0
BRDA:30,4,0,0
BRDA:30,4,1,0
BRDA:32,5,0,0
BRDA:32,5,1,0
BRDA:40,6,0,0
BRDA:40,6,1,0
BRDA:42,7,0,0
BRDA:42,7,1,0
BRDA:57,8,0,9
BRDA:57,8,1,0
BRDA:59,9,0,0
BRDA:59,9,1,0
BRDA:61,10,0,0
BRDA:61,10,1,0
BRDA:88,11,0,6
BRDA:88,11,1,3
BRF:25
BRH:4
end_of_record
TN:
SF:src/ejercicio-1/dc.ts
FN:20,(anonymous_0)
FN:31,(anonymous_1)
FNF:2
FNH:1
FNDA:2,(anonymous_0)
FNDA:0,(anonymous_1)
DA:1,1
DA:6,1
DA:20,2
DA:21,2
DA:22,2
DA:23,2
DA:24,2
DA:32,0
LF:8
LH:7
BRF:0
BRH:0
end_of_record
TN:
SF:src/ejercicio-1/dragon_ball.ts
FN:23,(anonymous_0)
FN:34,(anonymous_1)
FNF:2
FNH:1
FNDA:2,(anonymous_0)
FNDA:0,(anonymous_1)
DA:1,1
DA:9,1
DA:23,2
DA:24,2
DA:25,2
DA:26,2
DA:27,2
DA:35,0
LF:8
LH:7
BRF:0
BRH:0
end_of_record
TN:
SF:src/ejercicio-1/fighter.ts
FN:8,(anonymous_0)
FN:16,(anonymous_1)
FN:22,(anonymous_2)
FN:28,(anonymous_3)
FN:34,(anonymous_4)
FN:40,(anonymous_5)
FN:46,(anonymous_6)
FN:52,(anonymous_7)
FN:58,(anonymous_8)
FN:64,(anonymous_9)
FN:70,(anonymous_10)
FN:76,(anonymous_11)
FNF:12
FNH:9
FNDA:10,(anonymous_0)
FNDA:78,(anonymous_1)
FNDA:0,(anonymous_2)
FNDA:0,(anonymous_3)
FNDA:9,(anonymous_4)
FNDA:39,(anonymous_5)
FNDA:9,(anonymous_6)
FNDA:9,(anonymous_7)
FNDA:0,(anonymous_8)
FNDA:18,(anonymous_9)
FNDA:9,(anonymous_10)
FNDA:9,(anonymous_11)
DA:7,1
DA:8,10
DA:9,10
DA:10,10
DA:11,10
DA:12,10
DA:17,78
DA:23,0
DA:29,0
DA:35,9
DA:41,39
DA:47,9
DA:53,9
DA:59,0
DA:65,18
DA:71,9
DA:77,9
LF:17
LH:14
BRF:0
BRH:0
end_of_record
TN:
SF:src/ejercicio-1/marvel.ts
FN:20,(anonymous_0)
FN:32,(anonymous_1)
FNF:2
FNH:1
FNDA:2,(anonymous_0)
FNDA:0,(anonymous_1)
DA:1,1
DA:6,1
DA:20,2
DA:21,2
DA:22,2
DA:23,2
DA:24,2
DA:33,0
LF:8
LH:7
BRF:0
BRH:0
end_of_record
TN:
SF:src/ejercicio-1/pokedex.ts
FN:7,(anonymous_0)
FN:12,(anonymous_1)
FN:13,(anonymous_2)
FN:21,(anonymous_3)
FN:23,(anonymous_4)
FN:25,(anonymous_5)
FNF:6
FNH:6
FNDA:1,(anonymous_0)
FNDA:2,(anonymous_1)
FNDA:10,(anonymous_2)
FNDA:2,(anonymous_3)
FNDA:4,(anonymous_4)
FNDA:24,(anonymous_5)
DA:1,1
DA:5,1
DA:13,2
DA:14,10
DA:22,2
DA:23,2
DA:24,4
DA:25,4
DA:26,24
DA:27,24
DA:28,8
LF:11
LH:11
BRDA:27,0,0,8
BRDA:27,0,1,16
BRF:2
BRH:2
end_of_record
TN:
SF:src/ejercicio-1/pokemon.ts
FN:17,(anonymous_0)
FN:27,(anonymous_1)
FN:33,(anonymous_2)
FN:50,(anonymous_3)
FNF:4
FNH:1
FNDA:2,(anonymous_0)
FNDA:0,(anonymous_1)
FNDA:0,(anonymous_2)
FNDA:0,(anonymous_3)
DA:1,1
DA:6,1
DA:17,2
DA:18,2
DA:19,2
DA:20,2
DA:21,2
DA:28,0
DA:34,0
DA:35,0
DA:36,0
DA:37,0
DA:38,0
DA:39,0
DA:40,0
DA:41,0
DA:42,0
DA:51,0
DA:52,0
DA:53,0
DA:54,0
DA:55,0
DA:56,0
DA:57,0
DA:58,0
DA:59,0
DA:60,0
DA:61,0
DA:62,0
DA:63,0
DA:65,0
DA:66,0
DA:67,0
DA:68,0
DA:69,0
DA:70,0
DA:71,0
DA:72,0
DA:73,0
DA:74,0
DA:76,0
DA:77,0
DA:78,0
DA:79,0
DA:80,0
DA:81,0
DA:82,0
DA:83,0
DA:84,0
DA:85,0
DA:87,0
DA:88,0
DA:89,0
DA:90,0
DA:91,0
DA:92,0
DA:93,0
DA:94,0
DA:95,0
DA:96,0
DA:98,0
DA:99,0
DA:101,0
DA:103,0
LF:64
LH:7
BRDA:51,0,0,0
BRDA:51,0,1,0
BRDA:54,1,0,0
BRDA:54,1,1,0
BRDA:55,2,0,0
BRDA:55,2,1,0
BRDA:58,3,0,0
BRDA:58,3,1,0
BRDA:61,4,0,0
BRDA:61,4,1,0
BRDA:65,5,0,0
BRDA:65,5,1,0
BRDA:66,6,0,0
BRDA:66,6,1,0
BRDA:69,7,0,0
BRDA:69,7,1,0
BRDA:72,8,0,0
BRDA:72,8,1,0
BRDA:76,9,0,0
BRDA:76,9,1,0
BRDA:77,10,0,0
BRDA:77,10,1,0
BRDA:80,11,0,0
BRDA:80,11,1,0
BRDA:83,12,0,0
BRDA:83,12,1,0
BRDA:87,13,0,0
BRDA:87,13,1,0
BRDA:88,14,0,0
BRDA:88,14,1,0
BRDA:91,15,0,0
BRDA:91,15,1,0
BRDA:94,16,0,0
BRDA:94,16,1,0
BRDA:98,17,0,0
BRDA:98,17,1,0
BRF:36
BRH:0
end_of_record
TN:
SF:src/ejercicio-1/star_wars.ts
FN:21,(anonymous_0)
FN:27,(anonymous_1)
FNF:2
FNH:1
FNDA:2,(anonymous_0)
FNDA:0,(anonymous_1)
DA:1,1
DA:7,1
DA:21,2
DA:22,2
DA:23,2
DA:24,2
DA:25,2
DA:28,0
LF:8
LH:7
BRF:0
BRH:0
end_of_record
TN:
SF:src/ejercicio-2/basicstreamablecollection.ts
FN:6,(anonymous_0)
FN:11,(anonymous_1)
FN:20,(anonymous_2)
FNF:3
FNH:1
FNDA:3,(anonymous_0)
FNDA:0,(anonymous_1)
FNDA:0,(anonymous_2)
DA:5,1
DA:6,3
DA:12,0
DA:13,0
DA:21,0
LF:5
LH:2
BRF:0
BRH:0
end_of_record
TN:
SF:src/ejercicio-2/cold.ts
FN:7,(anonymous_0)
FN:14,(anonymous_1)
FN:29,(anonymous_2)
FN:44,(anonymous_3)
FNF:4
FNH:4
FNDA:1,(anonymous_0)
FNDA:1,(anonymous_1)
FNDA:1,(anonymous_2)
FNDA:1,(anonymous_3)
DA:1,1
DA:6,1
DA:7,1
DA:8,1
DA:15,1
DA:16,1
DA:17,1
DA:18,0
DA:20,1
DA:23,0
DA:30,1
DA:31,1
DA:32,2
DA:33,1
DA:35,1
DA:38,0
DA:45,1
DA:46,1
DA:47,1
DA:48,0
DA:50,1
DA:53,0
LF:22
LH:17
BRDA:17,0,0,0
BRDA:17,0,1,1
BRDA:32,1,0,1
BRDA:32,1,1,1
BRDA:47,2,0,0
BRDA:47,2,1,1
BRF:6
BRH:4
end_of_record
TN:
SF:src/ejercicio-2/colp.ts
FN:7,(anonymous_0)
FN:14,(anonymous_1)
FN:29,(anonymous_2)
FN:44,(anonymous_3)
FNF:4
FNH:4
FNDA:1,(anonymous_0)
FNDA:1,(anonymous_1)
FNDA:1,(anonymous_2)
FNDA:1,(anonymous_3)
DA:1,1
DA:6,1
DA:7,1
DA:8,1
DA:15,1
DA:16,1
DA:17,1
DA:18,0
DA:20,1
DA:23,0
DA:30,1
DA:31,1
DA:32,1
DA:33,0
DA:35,1
DA:38,0
DA:45,1
DA:46,1
DA:47,1
DA:48,0
DA:50,1
DA:53,0
LF:22
LH:16
BRDA:17,0,0,0
BRDA:17,0,1,1
BRDA:32,1,0,0
BRDA:32,1,1,1
BRDA:47,2,0,0
BRDA:47,2,1,1
BRF:6
BRH:3
end_of_record
TN:
SF:src/ejercicio-2/cols.ts
FN:7,(anonymous_0)
FN:14,(anonymous_1)
FN:29,(anonymous_2)
FN:44,(anonymous_3)
FNF:4
FNH:4
FNDA:1,(anonymous_0)
FNDA:1,(anonymous_1)
FNDA:1,(anonymous_2)
FNDA:1,(anonymous_3)
DA:1,1
DA:6,1
DA:7,1
DA:8,1
DA:15,1
DA:16,1
DA:17,2
DA:18,1
DA:20,1
DA:23,0
DA:30,1
DA:31,1
DA:32,1
DA:33,0
DA:35,1
DA:38,0
DA:45,1
DA:46,1
DA:47,1
DA:48,0
DA:50,1
DA:53,0
LF:22
LH:17
BRDA:17,0,0,1
BRDA:17,0,1,1
BRDA:32,1,0,0
BRDA:32,1,1,1
BRDA:47,2,0,0
BRDA:47,2,1,1
BRF:6
BRH:4
end_of_record
TN:
SF:src/ejercicio-2/doc.ts
FN:10,(anonymous_0)
FN:16,(anonymous_1)
FN:22,(anonymous_2)
FN:28,(anonymous_3)
FN:37,(anonymous_4)
FN:46,(anonymous_5)
FNF:6
FNH:5
FNDA:2,(anonymous_0)
FNDA:2,(anonymous_1)
FNDA:2,(anonymous_2)
FNDA:0,(anonymous_3)
FNDA:1,(anonymous_4)
FNDA:3,(anonymous_5)
DA:9,1
DA:10,2
DA:11,2
DA:12,2
DA:17,2
DA:23,2
DA:29,0
DA:30,0
DA:32,0
DA:38,1
DA:39,1
DA:41,0
DA:47,3
LF:13
LH:9
BRDA:11,0,0,0
BRDA:11,1,0,0
BRF:2
BRH:0
end_of_record
TN:
SF:src/ejercicio-2/pelis.ts
FN:10,(anonymous_0)
FN:16,(anonymous_1)
FN:22,(anonymous_2)
FN:28,(anonymous_3)
FN:37,(anonymous_4)
FN:46,(anonymous_5)
FNF:6
FNH:6
FNDA:3,(anonymous_0)
FNDA:2,(anonymous_1)
FNDA:2,(anonymous_2)
FNDA:1,(anonymous_3)
FNDA:1,(anonymous_4)
FNDA:2,(anonymous_5)
DA:9,1
DA:10,3
DA:11,3
DA:12,3
DA:17,2
DA:23,2
DA:29,1
DA:30,1
DA:32,0
DA:38,1
DA:39,1
DA:41,0
DA:47,2
LF:13
LH:11
BRDA:11,0,0,0
BRDA:11,1,0,0
BRF:2
BRH:0
end_of_record
TN:
SF:src/ejercicio-2/series.ts
FN:10,(anonymous_0)
FN:16,(anonymous_1)
FN:22,(anonymous_2)
FN:28,(anonymous_3)
FN:37,(anonymous_4)
FN:46,(anonymous_5)
FNF:6
FNH:5
FNDA:3,(anonymous_0)
FNDA:3,(anonymous_1)
FNDA:2,(anonymous_2)
FNDA:0,(anonymous_3)
FNDA:1,(anonymous_4)
FNDA:2,(anonymous_5)
DA:9,1
DA:10,3
DA:11,3
DA:12,3
DA:17,3
DA:23,2
DA:29,0
DA:30,0
DA:32,0
DA:38,1
DA:39,1
DA:41,0
DA:47,2
LF:13
LH:9
BRDA:11,0,0,0
BRDA:11,1,0,0
BRF:2
BRH:0
end_of_record
TN:
SF:src/ejercicio-3/cifrado.ts
FN:8,(anonymous_0)
FN:12,(anonymous_1)
FN:18,(anonymous_2)
FN:26,(anonymous_3)
FN:43,(anonymous_4)
FN:66,(anonymous_5)
FNF:6
FNH:6
FNDA:1,(anonymous_0)
FNDA:1,(anonymous_1)
FNDA:1,(anonymous_2)
FNDA:6,(anonymous_3)
FNDA:1,(anonymous_4)
FNDA:1,(anonymous_5)
DA:7,1
DA:8,1
DA:13,1
DA:19,1
DA:27,6
DA:28,114
DA:29,0
DA:31,114
DA:32,0
DA:34,114
DA:36,6
DA:44,1
DA:45,1
DA:46,1
DA:47,19
DA:48,19
DA:49,19
DA:50,19
DA:51,2
DA:53,19
DA:54,19
DA:56,0
DA:59,1
DA:67,1
DA:68,1
DA:69,1
DA:70,1
DA:71,1
DA:72,5
DA:73,5
DA:74,5
DA:75,5
DA:76,5
DA:77,5
DA:79,1
DA:80,1
LF:36
LH:33
BRDA:28,0,0,0
BRDA:28,0,1,114
BRDA:31,1,0,0
BRDA:31,1,1,114
BRDA:48,2,0,19
BRDA:48,2,1,0
BRDA:48,3,0,19
BRDA:48,3,1,19
BRDA:50,4,0,2
BRDA:50,4,1,17
BRDA:71,5,0,6
BRDA:71,5,1,6
BRF:12
BRH:9
end_of_record
TN:
SF:src/ejercicio-3/clave.ts
FN:5,(anonymous_0)
FN:9,(anonymous_1)
FN:15,(anonymous_2)
FN:21,(anonymous_3)
FNF:4
FNH:4
FNDA:1,(anonymous_0)
FNDA:1,(anonymous_1)
FNDA:121,(anonymous_2)
FNDA:120,(anonymous_3)
DA:4,1
DA:5,1
DA:10,1
DA:16,121
DA:22,120
LF:5
LH:5
BRF:0
BRH:0
end_of_record
TN:
SF:src/ejercicio-3/msj.ts
FN:8,(anonymous_0)
FN:12,(anonymous_1)
FN:18,(anonymous_2)
FN:24,(anonymous_3)
FNF:4
FNH:4
FNDA:1,(anonymous_0)
FNDA:1,(anonymous_1)
FNDA:355,(anonymous_2)
FNDA:6,(anonymous_3)
DA:4,1
DA:8,1
DA:13,1
DA:19,355
DA:25,6
LF:5
LH:5
BRF:0
BRH:0
end_of_record
